0 info it worked if it ends with ok
1 verbose cli [ 'C:\\ProgramData\\Microsoft\\VisualStudio\\MDA\\90327469\\taco-toolset-6.3.1\\node.exe',
1 verbose cli   'C:\\ProgramData\\Microsoft\\VisualStudio\\MDA\\90327469\\taco-toolset-6.3.1\\node_modules\\npm\\bin\\npm-cli.js',
1 verbose cli   'config',
1 verbose cli   'get',
1 verbose cli   'prefix' ]
2 info using npm@2.15.10
3 info using node@v4.4.3
4 verbose stack Error: EPERM: operation not permitted, mkdir 'C:\ProgramData\Microsoft\VisualStudio\MDA\6220421d'
4 verbose stack     at Error (native)
5 verbose cwd C:\Users\yonga\Documents\GitHub\SDC_FinalProject\SDC_FYP\SDC_FYP
6 error Windows_NT 10.0.17134
7 error argv "C:\\ProgramData\\Microsoft\\VisualStudio\\MDA\\90327469\\taco-toolset-6.3.1\\node.exe" "C:\\ProgramData\\Microsoft\\VisualStudio\\MDA\\90327469\\taco-toolset-6.3.1\\node_modules\\npm\\bin\\npm-cli.js" "config" "get" "prefix"
8 error node v4.4.3
9 error npm  v2.15.10
10 error path C:\ProgramData\Microsoft\VisualStudio\MDA\6220421d
11 error code EPERM
12 error errno -4048
13 error syscall mkdir
14 error Error: EPERM: operation not permitted, mkdir 'C:\ProgramData\Microsoft\VisualStudio\MDA\6220421d'
14 error     at Error (native)
14 error  { [Error: EPERM: operation not permitted, mkdir 'C:\ProgramData\Microsoft\VisualStudio\MDA\6220421d']
14 error   errno: -4048,
14 error   code: 'EPERM',
14 error   syscall: 'mkdir',
14 error   path: 'C:\\ProgramData\\Microsoft\\VisualStudio\\MDA\\6220421d' }
15 error Please try running this command again as root/Administrator.
16 verbose exit [ -4048, true ]
